Build started 3/13/2021 12:41:54 AM.
     1>Project "C:\cygdrive\c\ToolchainGenericDS\misc\TGDSPKGBuilder\windows\TGDSPKGBuilder\TGDSPKGBuilder\TGDSPKGBuilder.vcxproj" on node 2 (Build target(s)).
     1>ClCompile:
         C:\Program Files (x86)\Microsoft Visual Studio 11.0\VC\bin\CL.exe /c /ZI /nologo /W3 /WX- /sdl /Od /Oy- /D WIN32 /D _DEBUG /D _CONSOLE /D _UNICODE /D UNICODE /Gm /EHsc /RTC1 /MDd /GS /fp:precise /Zc:wchar_t /Zc:forScope /Fo"Debug\\" /Fd"Debug\vc110.pdb" /Gd /TP /analyze- /errorReport:prompt TGDSPKGBuilder.cpp
         TGDSPKGBuilder.cpp
     1>c:\cygdrive\c\toolchaingenericds\misc\tgdspkgbuilder\windows\tgdspkgbuilder\tgdspkgbuilder\tgdspkgbuilder.cpp(78): warning C4800: 'BOOL' : forcing value to bool 'true' or 'false' (performance warning)
     1>c:\cygdrive\c\toolchaingenericds\misc\tgdspkgbuilder\windows\tgdspkgbuilder\tgdspkgbuilder\tgdspkgbuilder.cpp(222): warning C4018: '<' : signed/unsigned mismatch
     1>c:\cygdrive\c\toolchaingenericds\misc\tgdspkgbuilder\windows\tgdspkgbuilder\tgdspkgbuilder\tgdspkgbuilder.cpp(189): warning C4101: 'ffd' : unreferenced local variable
     1>c:\cygdrive\c\toolchaingenericds\misc\tgdspkgbuilder\windows\tgdspkgbuilder\tgdspkgbuilder\tgdspkgbuilder.cpp(191): warning C4101: 'szDir' : unreferenced local variable
     1>c:\cygdrive\c\toolchaingenericds\misc\tgdspkgbuilder\windows\tgdspkgbuilder\tgdspkgbuilder\tgdspkgbuilder.cpp(126): warning C4101: 'k' : unreferenced local variable
     1>c:\cygdrive\c\toolchaingenericds\misc\tgdspkgbuilder\windows\tgdspkgbuilder\tgdspkgbuilder\tgdspkgbuilder.cpp(192): warning C4101: 'length_of_arg' : unreferenced local variable
     1>c:\cygdrive\c\toolchaingenericds\misc\tgdspkgbuilder\windows\tgdspkgbuilder\tgdspkgbuilder\tgdspkgbuilder.cpp(190): warning C4101: 'filesize' : unreferenced local variable
       Link:
         C:\Program Files (x86)\Microsoft Visual Studio 11.0\VC\bin\link.exe /ERRORREPORT:PROMPT /OUT:"C:\cygdrive\c\ToolchainGenericDS\misc\TGDSPKGBuilder\windows\TGDSPKGBuilder\Debug\TGDSPKGBuilder.exe" /INCREMENTAL /NOLOGO kernel32.lib user32.lib gdi32.lib winspool.lib comdlg32.lib advapi32.lib shell32.lib ole32.lib oleaut32.lib uuid.lib odbc32.lib odbccp32.lib /MANIFEST /MANIFESTUAC:"level='asInvoker' uiAccess='false'" /manifest:embed /DEBUG /PDB:"C:\cygdrive\c\ToolchainGenericDS\misc\TGDSPKGBuilder\windows\TGDSPKGBuilder\Debug\TGDSPKGBuilder.pdb" /SUBSYSTEM:CONSOLE /TLBID:1 /DYNAMICBASE /NXCOMPAT /IMPLIB:"C:\cygdrive\c\ToolchainGenericDS\misc\TGDSPKGBuilder\windows\TGDSPKGBuilder\Debug\TGDSPKGBuilder.lib" /MACHINE:X86 Debug\adler32.obj
         Debug\compress.obj
         Debug\crc32.obj
         Debug\crc32Tool.obj
         Debug\deflate.obj
         Debug\example.obj
         Debug\gzio.obj
         Debug\infback.obj
         Debug\inffast.obj
         Debug\inflate.obj
         Debug\inftrees.obj
         Debug\minigzip.obj
         Debug\tarball.obj
         Debug\TGDSPKGBuilder.obj
         Debug\stdafx.obj
         Debug\trees.obj
         Debug\uncompr.obj
         Debug\zutil.obj
         TGDSPKGBuilder.vcxproj -> C:\cygdrive\c\ToolchainGenericDS\misc\TGDSPKGBuilder\windows\TGDSPKGBuilder\Debug\TGDSPKGBuilder.exe
     1>Done Building Project "C:\cygdrive\c\ToolchainGenericDS\misc\TGDSPKGBuilder\windows\TGDSPKGBuilder\TGDSPKGBuilder\TGDSPKGBuilder.vcxproj" (Build target(s)).

Build succeeded.

Time Elapsed 00:00:02.43
