C:\CYGDRIVE\C\TOOLCHAINGENERICDS\MISC\TGDSPKGBUILDER\WINDOWS\TGDSPKGBUILDER\TGDSPKGBUILDER\DEBUG\TGDSPKGBUILDER.PCH
C:\CYGDRIVE\C\TOOLCHAINGENERICDS\MISC\TGDSPKGBUILDER\WINDOWS\TGDSPKGBUILDER\TGDSPKGBUILDER\DEBUG\STDAFX.OBJ
C:\CYGDRIVE\C\TOOLCHAINGENERICDS\MISC\TGDSPKGBUILDER\WINDOWS\TGDSPKGBUILDER\TGDSPKGBUILDER\DEBUG\VC110.PDB
C:\CYGDRIVE\C\TOOLCHAINGENERICDS\MISC\TGDSPKGBUILDER\WINDOWS\TGDSPKGBUILDER\TGDSPKGBUILDER\DEBUG\ADLER32.OBJ
C:\CYGDRIVE\C\TOOLCHAINGENERICDS\MISC\TGDSPKGBUILDER\WINDOWS\TGDSPKGBUILDER\TGDSPKGBUILDER\DEBUG\COMPRESS.OBJ
C:\CYGDRIVE\C\TOOLCHAINGENERICDS\MISC\TGDSPKGBUILDER\WINDOWS\TGDSPKGBUILDER\TGDSPKGBUILDER\DEBUG\CRC32.OBJ
C:\CYGDRIVE\C\TOOLCHAINGENERICDS\MISC\TGDSPKGBUILDER\WINDOWS\TGDSPKGBUILDER\TGDSPKGBUILDER\DEBUG\CRC32TOOL.OBJ
C:\CYGDRIVE\C\TOOLCHAINGENERICDS\MISC\TGDSPKGBUILDER\WINDOWS\TGDSPKGBUILDER\TGDSPKGBUILDER\DEBUG\DEFLATE.OBJ
C:\CYGDRIVE\C\TOOLCHAINGENERICDS\MISC\TGDSPKGBUILDER\WINDOWS\TGDSPKGBUILDER\TGDSPKGBUILDER\DEBUG\EXAMPLE.OBJ
C:\CYGDRIVE\C\TOOLCHAINGENERICDS\MISC\TGDSPKGBUILDER\WINDOWS\TGDSPKGBUILDER\TGDSPKGBUILDER\DEBUG\GZIO.OBJ
C:\CYGDRIVE\C\TOOLCHAINGENERICDS\MISC\TGDSPKGBUILDER\WINDOWS\TGDSPKGBUILDER\TGDSPKGBUILDER\DEBUG\INFBACK.OBJ
C:\CYGDRIVE\C\TOOLCHAINGENERICDS\MISC\TGDSPKGBUILDER\WINDOWS\TGDSPKGBUILDER\TGDSPKGBUILDER\DEBUG\INFFAST.OBJ
C:\CYGDRIVE\C\TOOLCHAINGENERICDS\MISC\TGDSPKGBUILDER\WINDOWS\TGDSPKGBUILDER\TGDSPKGBUILDER\DEBUG\INFLATE.OBJ
C:\CYGDRIVE\C\TOOLCHAINGENERICDS\MISC\TGDSPKGBUILDER\WINDOWS\TGDSPKGBUILDER\TGDSPKGBUILDER\DEBUG\INFTREES.OBJ
C:\CYGDRIVE\C\TOOLCHAINGENERICDS\MISC\TGDSPKGBUILDER\WINDOWS\TGDSPKGBUILDER\TGDSPKGBUILDER\DEBUG\MINIGZIP.OBJ
C:\CYGDRIVE\C\TOOLCHAINGENERICDS\MISC\TGDSPKGBUILDER\WINDOWS\TGDSPKGBUILDER\TGDSPKGBUILDER\DEBUG\TREES.OBJ
C:\CYGDRIVE\C\TOOLCHAINGENERICDS\MISC\TGDSPKGBUILDER\WINDOWS\TGDSPKGBUILDER\TGDSPKGBUILDER\DEBUG\UNCOMPR.OBJ
C:\CYGDRIVE\C\TOOLCHAINGENERICDS\MISC\TGDSPKGBUILDER\WINDOWS\TGDSPKGBUILDER\TGDSPKGBUILDER\DEBUG\ZUTIL.OBJ
C:\CYGDRIVE\C\TOOLCHAINGENERICDS\MISC\TGDSPKGBUILDER\WINDOWS\TGDSPKGBUILDER\TGDSPKGBUILDER\DEBUG\TARBALL.OBJ
C:\CYGDRIVE\C\TOOLCHAINGENERICDS\MISC\TGDSPKGBUILDER\WINDOWS\TGDSPKGBUILDER\TGDSPKGBUILDER\DEBUG\TGDSPKGBUILDER.OBJ
C:\CYGDRIVE\C\TOOLCHAINGENERICDS\MISC\TGDSPKGBUILDER\WINDOWS\TGDSPKGBUILDER\DEBUG\TGDSPKGBUILDER.ILK
C:\CYGDRIVE\C\TOOLCHAINGENERICDS\MISC\TGDSPKGBUILDER\WINDOWS\TGDSPKGBUILDER\DEBUG\TGDSPKGBUILDER.EXE
C:\CYGDRIVE\C\TOOLCHAINGENERICDS\MISC\TGDSPKGBUILDER\WINDOWS\TGDSPKGBUILDER\DEBUG\TGDSPKGBUILDER.PDB
C:\cygdrive\c\ToolchainGenericDS\misc\TGDSPKGBuilder\windows\TGDSPKGBuilder\TGDSPKGBuilder\Debug\adler32.obj
C:\cygdrive\c\ToolchainGenericDS\misc\TGDSPKGBuilder\windows\TGDSPKGBuilder\TGDSPKGBuilder\Debug\compress.obj
C:\cygdrive\c\ToolchainGenericDS\misc\TGDSPKGBuilder\windows\TGDSPKGBuilder\TGDSPKGBuilder\Debug\crc32.obj
C:\cygdrive\c\ToolchainGenericDS\misc\TGDSPKGBuilder\windows\TGDSPKGBuilder\TGDSPKGBuilder\Debug\crc32Tool.obj
C:\cygdrive\c\ToolchainGenericDS\misc\TGDSPKGBuilder\windows\TGDSPKGBuilder\TGDSPKGBuilder\Debug\deflate.obj
C:\cygdrive\c\ToolchainGenericDS\misc\TGDSPKGBuilder\windows\TGDSPKGBuilder\TGDSPKGBuilder\Debug\example.obj
C:\cygdrive\c\ToolchainGenericDS\misc\TGDSPKGBuilder\windows\TGDSPKGBuilder\TGDSPKGBuilder\Debug\gzio.obj
C:\cygdrive\c\ToolchainGenericDS\misc\TGDSPKGBuilder\windows\TGDSPKGBuilder\TGDSPKGBuilder\Debug\infback.obj
C:\cygdrive\c\ToolchainGenericDS\misc\TGDSPKGBuilder\windows\TGDSPKGBuilder\TGDSPKGBuilder\Debug\inffast.obj
C:\cygdrive\c\ToolchainGenericDS\misc\TGDSPKGBuilder\windows\TGDSPKGBuilder\TGDSPKGBuilder\Debug\inflate.obj
C:\cygdrive\c\ToolchainGenericDS\misc\TGDSPKGBuilder\windows\TGDSPKGBuilder\TGDSPKGBuilder\Debug\inftrees.obj
C:\cygdrive\c\ToolchainGenericDS\misc\TGDSPKGBuilder\windows\TGDSPKGBuilder\TGDSPKGBuilder\Debug\minigzip.obj
C:\cygdrive\c\ToolchainGenericDS\misc\TGDSPKGBuilder\windows\TGDSPKGBuilder\TGDSPKGBuilder\Debug\stdafx.obj
C:\cygdrive\c\ToolchainGenericDS\misc\TGDSPKGBuilder\windows\TGDSPKGBuilder\TGDSPKGBuilder\Debug\tarball.obj
C:\cygdrive\c\ToolchainGenericDS\misc\TGDSPKGBuilder\windows\TGDSPKGBuilder\TGDSPKGBuilder\Debug\TGDSPKGBuilder.obj
C:\cygdrive\c\ToolchainGenericDS\misc\TGDSPKGBuilder\windows\TGDSPKGBuilder\TGDSPKGBuilder\Debug\trees.obj
C:\cygdrive\c\ToolchainGenericDS\misc\TGDSPKGBuilder\windows\TGDSPKGBuilder\TGDSPKGBuilder\Debug\uncompr.obj
C:\cygdrive\c\ToolchainGenericDS\misc\TGDSPKGBuilder\windows\TGDSPKGBuilder\TGDSPKGBuilder\Debug\zutil.obj
C:\cygdrive\c\ToolchainGenericDS\misc\TGDSPKGBuilder\windows\TGDSPKGBuilder\TGDSPKGBuilder\Debug\cl.command.1.tlog
C:\cygdrive\c\ToolchainGenericDS\misc\TGDSPKGBuilder\windows\TGDSPKGBuilder\TGDSPKGBuilder\Debug\CL.read.1.tlog
C:\cygdrive\c\ToolchainGenericDS\misc\TGDSPKGBuilder\windows\TGDSPKGBuilder\TGDSPKGBuilder\Debug\CL.write.1.tlog
C:\cygdrive\c\ToolchainGenericDS\misc\TGDSPKGBuilder\windows\TGDSPKGBuilder\TGDSPKGBuilder\Debug\link-cvtres.read.1.tlog
C:\cygdrive\c\ToolchainGenericDS\misc\TGDSPKGBuilder\windows\TGDSPKGBuilder\TGDSPKGBuilder\Debug\link-cvtres.write.1.tlog
C:\cygdrive\c\ToolchainGenericDS\misc\TGDSPKGBuilder\windows\TGDSPKGBuilder\TGDSPKGBuilder\Debug\link-rc.read.1.tlog
C:\cygdrive\c\ToolchainGenericDS\misc\TGDSPKGBuilder\windows\TGDSPKGBuilder\TGDSPKGBuilder\Debug\link-rc.write.1.tlog
C:\cygdrive\c\ToolchainGenericDS\misc\TGDSPKGBuilder\windows\TGDSPKGBuilder\TGDSPKGBuilder\Debug\link.command.1.tlog
C:\cygdrive\c\ToolchainGenericDS\misc\TGDSPKGBuilder\windows\TGDSPKGBuilder\TGDSPKGBuilder\Debug\link.read.1.tlog
C:\cygdrive\c\ToolchainGenericDS\misc\TGDSPKGBuilder\windows\TGDSPKGBuilder\TGDSPKGBuilder\Debug\link.write.1.tlog
C:\cygdrive\c\ToolchainGenericDS\misc\TGDSPKGBuilder\windows\TGDSPKGBuilder\TGDSPKGBuilder\Debug\TGDSPKGBuilder.pch
C:\cygdrive\c\ToolchainGenericDS\misc\TGDSPKGBuilder\windows\TGDSPKGBuilder\TGDSPKGBuilder\Debug\vc110.idb
C:\cygdrive\c\ToolchainGenericDS\misc\TGDSPKGBuilder\windows\TGDSPKGBuilder\TGDSPKGBuilder\Debug\vc110.pdb
C:\cygdrive\c\ToolchainGenericDS\misc\TGDSPKGBuilder\windows\TGDSPKGBuilder\Debug\TGDSPKGBuilder.pdb
C:\cygdrive\c\ToolchainGenericDS\misc\TGDSPKGBuilder\windows\TGDSPKGBuilder\Debug\TGDSPKGBuilder.exe
C:\cygdrive\c\ToolchainGenericDS\misc\TGDSPKGBuilder\windows\TGDSPKGBuilder\Debug\TGDSPKGBuilder.ilk
