C:\BITBUCKET_CLONE\TOOLCHAINGENERICDS\SRC\COMMON\LIBUTILS\ARM9\SOURCE\DEBUG\NDSDISPLAYLISTUTILS.PCH
C:\BITBUCKET_CLONE\TOOLCHAINGENERICDS\SRC\COMMON\LIBUTILS\ARM9\SOURCE\DEBUG\STDAFX.OBJ
C:\BITBUCKET_CLONE\TOOLCHAINGENERICDS\SRC\COMMON\LIBUTILS\ARM9\SOURCE\DEBUG\VC110.PDB
C:\BITBUCKET_CLONE\TOOLCHAINGENERICDS\SRC\COMMON\LIBUTILS\ARM9\SOURCE\DEBUG\COS_BIN.OBJ
C:\BITBUCKET_CLONE\TOOLCHAINGENERICDS\SRC\COMMON\LIBUTILS\ARM9\SOURCE\DEBUG\NDSDISPLAYLISTUTILS.OBJ
C:\BITBUCKET_CLONE\TOOLCHAINGENERICDS\SRC\COMMON\LIBUTILS\ARM9\SOURCE\DEBUG\SIN_BIN.OBJ
C:\BITBUCKET_CLONE\TOOLCHAINGENERICDS\SRC\COMMON\LIBUTILS\ARM9\SOURCE\DEBUG\TAN_BIN.OBJ
C:\BITBUCKET_CLONE\TOOLCHAINGENERICDS\SRC\COMMON\LIBUTILS\ARM9\SOURCE\DEBUG\VIDEOGL.OBJ
C:\BITBUCKET_CLONE\TOOLCHAINGENERICDS\SRC\COMMON\LIBUTILS\ARM9\SOURCE\DEBUG\WINDIR.OBJ
C:\BITBUCKET_CLONE\TOOLCHAINGENERICDS\SRC\COMMON\LIBUTILS\ARM9\SOURCE\DEBUG\NDSDISPLAYLISTUTILS.EXE
C:\BITBUCKET_CLONE\TOOLCHAINGENERICDS\SRC\COMMON\LIBUTILS\ARM9\SOURCE\DEBUG\NDSDISPLAYLISTUTILS.PDB
C:\bitbucket_clone\ToolchainGenericDS\src\common\libutils\arm9\source\Debug\COS_bin.obj
C:\bitbucket_clone\ToolchainGenericDS\src\common\libutils\arm9\source\Debug\ndsDisplayListUtils.obj
C:\bitbucket_clone\ToolchainGenericDS\src\common\libutils\arm9\source\Debug\SIN_bin.obj
C:\bitbucket_clone\ToolchainGenericDS\src\common\libutils\arm9\source\Debug\stdafx.obj
C:\bitbucket_clone\ToolchainGenericDS\src\common\libutils\arm9\source\Debug\TAN_bin.obj
C:\bitbucket_clone\ToolchainGenericDS\src\common\libutils\arm9\source\Debug\VideoGL.obj
C:\bitbucket_clone\ToolchainGenericDS\src\common\libutils\arm9\source\Debug\winDir.obj
C:\bitbucket_clone\ToolchainGenericDS\src\common\libutils\arm9\source\Debug\cl.command.1.tlog
C:\bitbucket_clone\ToolchainGenericDS\src\common\libutils\arm9\source\Debug\CL.read.1.tlog
C:\bitbucket_clone\ToolchainGenericDS\src\common\libutils\arm9\source\Debug\CL.write.1.tlog
C:\bitbucket_clone\ToolchainGenericDS\src\common\libutils\arm9\source\Debug\link-cvtres.read.1.tlog
C:\bitbucket_clone\ToolchainGenericDS\src\common\libutils\arm9\source\Debug\link-cvtres.write.1.tlog
C:\bitbucket_clone\ToolchainGenericDS\src\common\libutils\arm9\source\Debug\link-rc.read.1.tlog
C:\bitbucket_clone\ToolchainGenericDS\src\common\libutils\arm9\source\Debug\link-rc.write.1.tlog
C:\bitbucket_clone\ToolchainGenericDS\src\common\libutils\arm9\source\Debug\link.command.1.tlog
C:\bitbucket_clone\ToolchainGenericDS\src\common\libutils\arm9\source\Debug\link.read.1.tlog
C:\bitbucket_clone\ToolchainGenericDS\src\common\libutils\arm9\source\Debug\link.write.1.tlog
C:\bitbucket_clone\ToolchainGenericDS\src\common\libutils\arm9\source\Debug\ndsDisplayListUtils.pch
C:\bitbucket_clone\ToolchainGenericDS\src\common\libutils\arm9\source\Debug\vc110.idb
C:\bitbucket_clone\ToolchainGenericDS\src\common\libutils\arm9\source\Debug\ndsDisplayListUtils.pdb
C:\bitbucket_clone\ToolchainGenericDS\src\common\libutils\arm9\source\Debug\vc110.pdb
C:\bitbucket_clone\ToolchainGenericDS\src\common\libutils\arm9\source\Debug\ndsDisplayListUtils.exe
