Build started 2/19/2021 5:42:32 PM.
     1>Project "C:\cygdrive\c\toolchaingenericds\misc\imaadpcm\Compressor\adpcm_xq\adpcm_xq\adpcm_xq.vcxproj" on node 2 (Rebuild target(s)).
     1>ClCompile:
         C:\Program Files (x86)\Microsoft Visual Studio 11.0\VC\bin\CL.exe /c /Zi /nologo /W3 /WX- /sdl /O2 /Oi /Oy- /GL /D WIN32 /D NDEBUG /D _CONSOLE /D _UNICODE /D UNICODE /Gm- /EHsc /MD /GS /Gy /fp:precise /Zc:wchar_t /Zc:forScope /Yc"stdafx.h" /Fp"Release\adpcm_xq.pch" /Fo"Release\\" /Fd"Release\vc110.pdb" /Gd /TP /analyze- /errorReport:prompt stdafx.cpp
         stdafx.cpp
         C:\Program Files (x86)\Microsoft Visual Studio 11.0\VC\bin\CL.exe /c /Zi /nologo /W3 /WX- /sdl /O2 /Oi /Oy- /GL /D WIN32 /D NDEBUG /D _CONSOLE /D _UNICODE /D UNICODE /Gm- /EHsc /MD /GS /Gy /fp:precise /Zc:wchar_t /Zc:forScope /Fo"Release\\" /Fd"Release\vc110.pdb" /Gd /TC /analyze- /errorReport:prompt "adpcm-lib.c" "adpcm-xq.c"
         adpcm-lib.c
     1>adpcm-lib.c(341): warning C4018: '<' : signed/unsigned mismatch
         adpcm-xq.c
     1>adpcm-xq.c(592): warning C4018: '>' : signed/unsigned mismatch
     1>adpcm-xq.c(657): warning C4018: '>' : signed/unsigned mismatch
       Link:
         C:\Program Files (x86)\Microsoft Visual Studio 11.0\VC\bin\link.exe /ERRORREPORT:PROMPT /OUT:"C:\cygdrive\c\toolchaingenericds\misc\imaadpcm\Compressor\adpcm_xq\Release\adpcm_xq.exe" /INCREMENTAL:NO /NOLOGO kernel32.lib user32.lib gdi32.lib winspool.lib comdlg32.lib advapi32.lib shell32.lib ole32.lib oleaut32.lib uuid.lib odbc32.lib odbccp32.lib /MANIFEST /MANIFESTUAC:"level='asInvoker' uiAccess='false'" /manifest:embed /DEBUG /PDB:"C:\cygdrive\c\toolchaingenericds\misc\imaadpcm\Compressor\adpcm_xq\Release\adpcm_xq.pdb" /SUBSYSTEM:CONSOLE /OPT:REF /OPT:ICF /LTCG /TLBID:1 /DYNAMICBASE /NXCOMPAT /IMPLIB:"C:\cygdrive\c\toolchaingenericds\misc\imaadpcm\Compressor\adpcm_xq\Release\adpcm_xq.lib" /MACHINE:X86 /SAFESEH "Release\adpcm-lib.obj"
         "Release\adpcm-xq.obj"
         Release\stdafx.obj
         Generating code
         Finished generating code
         adpcm_xq.vcxproj -> C:\cygdrive\c\toolchaingenericds\misc\imaadpcm\Compressor\adpcm_xq\Release\adpcm_xq.exe
     1>Done Building Project "C:\cygdrive\c\toolchaingenericds\misc\imaadpcm\Compressor\adpcm_xq\adpcm_xq\adpcm_xq.vcxproj" (Rebuild target(s)).

Build succeeded.

Time Elapsed 00:00:00.80
