C:\CYGDRIVE\C\TOOLCHAINGENERICDS\MISC\TGDSPKGBUILDER\WINDOWS\TGDSPKGBUILDER\TGDSPKGBUILDER\RELEASE\TGDSPKGBUILDER.PCH
C:\CYGDRIVE\C\TOOLCHAINGENERICDS\MISC\TGDSPKGBUILDER\WINDOWS\TGDSPKGBUILDER\TGDSPKGBUILDER\RELEASE\STDAFX.OBJ
C:\CYGDRIVE\C\TOOLCHAINGENERICDS\MISC\TGDSPKGBUILDER\WINDOWS\TGDSPKGBUILDER\TGDSPKGBUILDER\RELEASE\VC110.PDB
C:\CYGDRIVE\C\TOOLCHAINGENERICDS\MISC\TGDSPKGBUILDER\WINDOWS\TGDSPKGBUILDER\TGDSPKGBUILDER\RELEASE\ZUTIL.OBJ
C:\CYGDRIVE\C\TOOLCHAINGENERICDS\MISC\TGDSPKGBUILDER\WINDOWS\TGDSPKGBUILDER\TGDSPKGBUILDER\RELEASE\UNCOMPR.OBJ
C:\CYGDRIVE\C\TOOLCHAINGENERICDS\MISC\TGDSPKGBUILDER\WINDOWS\TGDSPKGBUILDER\TGDSPKGBUILDER\RELEASE\TREES.OBJ
C:\CYGDRIVE\C\TOOLCHAINGENERICDS\MISC\TGDSPKGBUILDER\WINDOWS\TGDSPKGBUILDER\TGDSPKGBUILDER\RELEASE\MINIGZIP.OBJ
C:\CYGDRIVE\C\TOOLCHAINGENERICDS\MISC\TGDSPKGBUILDER\WINDOWS\TGDSPKGBUILDER\TGDSPKGBUILDER\RELEASE\INFTREES.OBJ
C:\CYGDRIVE\C\TOOLCHAINGENERICDS\MISC\TGDSPKGBUILDER\WINDOWS\TGDSPKGBUILDER\TGDSPKGBUILDER\RELEASE\INFLATE.OBJ
C:\CYGDRIVE\C\TOOLCHAINGENERICDS\MISC\TGDSPKGBUILDER\WINDOWS\TGDSPKGBUILDER\TGDSPKGBUILDER\RELEASE\INFFAST.OBJ
C:\CYGDRIVE\C\TOOLCHAINGENERICDS\MISC\TGDSPKGBUILDER\WINDOWS\TGDSPKGBUILDER\TGDSPKGBUILDER\RELEASE\INFBACK.OBJ
C:\CYGDRIVE\C\TOOLCHAINGENERICDS\MISC\TGDSPKGBUILDER\WINDOWS\TGDSPKGBUILDER\TGDSPKGBUILDER\RELEASE\GZIO.OBJ
C:\CYGDRIVE\C\TOOLCHAINGENERICDS\MISC\TGDSPKGBUILDER\WINDOWS\TGDSPKGBUILDER\TGDSPKGBUILDER\RELEASE\EXAMPLE.OBJ
C:\CYGDRIVE\C\TOOLCHAINGENERICDS\MISC\TGDSPKGBUILDER\WINDOWS\TGDSPKGBUILDER\TGDSPKGBUILDER\RELEASE\DEFLATE.OBJ
C:\CYGDRIVE\C\TOOLCHAINGENERICDS\MISC\TGDSPKGBUILDER\WINDOWS\TGDSPKGBUILDER\TGDSPKGBUILDER\RELEASE\CRC32TOOL.OBJ
C:\CYGDRIVE\C\TOOLCHAINGENERICDS\MISC\TGDSPKGBUILDER\WINDOWS\TGDSPKGBUILDER\TGDSPKGBUILDER\RELEASE\CRC32.OBJ
C:\CYGDRIVE\C\TOOLCHAINGENERICDS\MISC\TGDSPKGBUILDER\WINDOWS\TGDSPKGBUILDER\TGDSPKGBUILDER\RELEASE\COMPRESS.OBJ
C:\CYGDRIVE\C\TOOLCHAINGENERICDS\MISC\TGDSPKGBUILDER\WINDOWS\TGDSPKGBUILDER\TGDSPKGBUILDER\RELEASE\ADLER32.OBJ
C:\CYGDRIVE\C\TOOLCHAINGENERICDS\MISC\TGDSPKGBUILDER\WINDOWS\TGDSPKGBUILDER\TGDSPKGBUILDER\RELEASE\TGDSPKGBUILDER.OBJ
C:\CYGDRIVE\C\TOOLCHAINGENERICDS\MISC\TGDSPKGBUILDER\WINDOWS\TGDSPKGBUILDER\TGDSPKGBUILDER\RELEASE\TARBALL.OBJ
C:\CYGDRIVE\C\TOOLCHAINGENERICDS\MISC\TGDSPKGBUILDER\WINDOWS\TGDSPKGBUILDER\RELEASE\TGDSPKGBUILDER.EXE
C:\CYGDRIVE\C\TOOLCHAINGENERICDS\MISC\TGDSPKGBUILDER\WINDOWS\TGDSPKGBUILDER\RELEASE\TGDSPKGBUILDER.PDB
C:\cygdrive\c\toolchaingenericds\misc\TGDSPKGBuilder\windows\TGDSPKGBuilder\TGDSPKGBuilder\Release\adler32.obj
C:\cygdrive\c\toolchaingenericds\misc\TGDSPKGBuilder\windows\TGDSPKGBuilder\TGDSPKGBuilder\Release\compress.obj
C:\cygdrive\c\toolchaingenericds\misc\TGDSPKGBuilder\windows\TGDSPKGBuilder\TGDSPKGBuilder\Release\crc32.obj
C:\cygdrive\c\toolchaingenericds\misc\TGDSPKGBuilder\windows\TGDSPKGBuilder\TGDSPKGBuilder\Release\crc32Tool.obj
C:\cygdrive\c\toolchaingenericds\misc\TGDSPKGBuilder\windows\TGDSPKGBuilder\TGDSPKGBuilder\Release\deflate.obj
C:\cygdrive\c\toolchaingenericds\misc\TGDSPKGBuilder\windows\TGDSPKGBuilder\TGDSPKGBuilder\Release\example.obj
C:\cygdrive\c\toolchaingenericds\misc\TGDSPKGBuilder\windows\TGDSPKGBuilder\TGDSPKGBuilder\Release\gzio.obj
C:\cygdrive\c\toolchaingenericds\misc\TGDSPKGBuilder\windows\TGDSPKGBuilder\TGDSPKGBuilder\Release\infback.obj
C:\cygdrive\c\toolchaingenericds\misc\TGDSPKGBuilder\windows\TGDSPKGBuilder\TGDSPKGBuilder\Release\inffast.obj
C:\cygdrive\c\toolchaingenericds\misc\TGDSPKGBuilder\windows\TGDSPKGBuilder\TGDSPKGBuilder\Release\inflate.obj
C:\cygdrive\c\toolchaingenericds\misc\TGDSPKGBuilder\windows\TGDSPKGBuilder\TGDSPKGBuilder\Release\inftrees.obj
C:\cygdrive\c\toolchaingenericds\misc\TGDSPKGBuilder\windows\TGDSPKGBuilder\TGDSPKGBuilder\Release\minigzip.obj
C:\cygdrive\c\toolchaingenericds\misc\TGDSPKGBuilder\windows\TGDSPKGBuilder\TGDSPKGBuilder\Release\stdafx.obj
C:\cygdrive\c\toolchaingenericds\misc\TGDSPKGBuilder\windows\TGDSPKGBuilder\TGDSPKGBuilder\Release\tarball.obj
C:\cygdrive\c\toolchaingenericds\misc\TGDSPKGBuilder\windows\TGDSPKGBuilder\TGDSPKGBuilder\Release\TGDSPKGBuilder.obj
C:\cygdrive\c\toolchaingenericds\misc\TGDSPKGBuilder\windows\TGDSPKGBuilder\TGDSPKGBuilder\Release\trees.obj
C:\cygdrive\c\toolchaingenericds\misc\TGDSPKGBuilder\windows\TGDSPKGBuilder\TGDSPKGBuilder\Release\uncompr.obj
C:\cygdrive\c\toolchaingenericds\misc\TGDSPKGBuilder\windows\TGDSPKGBuilder\TGDSPKGBuilder\Release\zutil.obj
C:\cygdrive\c\toolchaingenericds\misc\TGDSPKGBuilder\windows\TGDSPKGBuilder\TGDSPKGBuilder\Release\cl.command.1.tlog
C:\cygdrive\c\toolchaingenericds\misc\TGDSPKGBuilder\windows\TGDSPKGBuilder\TGDSPKGBuilder\Release\CL.read.1.tlog
C:\cygdrive\c\toolchaingenericds\misc\TGDSPKGBuilder\windows\TGDSPKGBuilder\TGDSPKGBuilder\Release\CL.write.1.tlog
C:\cygdrive\c\toolchaingenericds\misc\TGDSPKGBuilder\windows\TGDSPKGBuilder\TGDSPKGBuilder\Release\link-cvtres.read.1.tlog
C:\cygdrive\c\toolchaingenericds\misc\TGDSPKGBuilder\windows\TGDSPKGBuilder\TGDSPKGBuilder\Release\link-cvtres.write.1.tlog
C:\cygdrive\c\toolchaingenericds\misc\TGDSPKGBuilder\windows\TGDSPKGBuilder\TGDSPKGBuilder\Release\link-rc.read.1.tlog
C:\cygdrive\c\toolchaingenericds\misc\TGDSPKGBuilder\windows\TGDSPKGBuilder\TGDSPKGBuilder\Release\link-rc.write.1.tlog
C:\cygdrive\c\toolchaingenericds\misc\TGDSPKGBuilder\windows\TGDSPKGBuilder\TGDSPKGBuilder\Release\link.command.1.tlog
C:\cygdrive\c\toolchaingenericds\misc\TGDSPKGBuilder\windows\TGDSPKGBuilder\TGDSPKGBuilder\Release\link.read.1.tlog
C:\cygdrive\c\toolchaingenericds\misc\TGDSPKGBuilder\windows\TGDSPKGBuilder\TGDSPKGBuilder\Release\link.write.1.tlog
C:\cygdrive\c\toolchaingenericds\misc\TGDSPKGBuilder\windows\TGDSPKGBuilder\TGDSPKGBuilder\Release\TGDSPKGBuilder.pch
C:\cygdrive\c\toolchaingenericds\misc\TGDSPKGBuilder\windows\TGDSPKGBuilder\TGDSPKGBuilder\Release\vc110.pdb
C:\cygdrive\c\toolchaingenericds\misc\TGDSPKGBuilder\windows\TGDSPKGBuilder\Release\TGDSPKGBuilder.pdb
C:\cygdrive\c\toolchaingenericds\misc\TGDSPKGBuilder\windows\TGDSPKGBuilder\Release\TGDSPKGBuilder.exe
